<?xml version="1.0" encoding="UTF-8"?>
<testng-results ignored="0" total="1" passed="0" failed="1" skipped="0">
  <reporter-output>
  </reporter-output>
  <suite started-at="2020-08-10T02:39:12Z" name="Surefire suite" finished-at="2020-08-10T02:39:14Z" duration-ms="2113">
    <groups>
    </groups>
    <test started-at="2020-08-10T02:39:12Z" name="Surefire test" finished-at="2020-08-10T02:39:14Z" duration-ms="2113">
      <class name="AppTest">
        <test-method signature="simple_get_test()[pri:0, instance:AppTest@57e1b0c]" started-at="2020-08-10T02:39:12Z" name="simple_get_test" finished-at="2020-08-10T02:39:14Z" duration-ms="2084" status="FAIL">
          <exception class="java.lang.AssertionError">
            <message>
              <![CDATA[1 expectation failed.
JSON path data doesn't match.
Expected: (a collection containing "employee_name")
  Actual: [{profile_image=, employee_name=Tiger Nixon, employee_salary=320800, id=1, employee_age=61}, {profile_image=, employee_name=Garrett Winters, employee_salary=170750, id=2, employee_age=63}, {profile_image=, employee_name=Ashton Cox, employee_salary=86000, id=3, employee_age=66}, {profile_image=, employee_name=Cedric Kelly, employee_salary=433060, id=4, employee_age=22}, {profile_image=, employee_name=Airi Satou, employee_salary=162700, id=5, employee_age=33}, {profile_image=, employee_name=Brielle Williamson, employee_salary=372000, id=6, employee_age=61}, {profile_image=, employee_name=Herrod Chandler, employee_salary=137500, id=7, employee_age=59}, {profile_image=, employee_name=Rhona Davidson, employee_salary=327900, id=8, employee_age=55}, {profile_image=, employee_name=Colleen Hurst, employee_salary=205500, id=9, employee_age=39}, {profile_image=, employee_name=Sonya Frost, employee_salary=103600, id=10, employee_age=23}, {profile_image=, employee_name=Jena Gaines, employee_salary=90560, id=11, employee_age=30}, {profile_image=, employee_name=Quinn Flynn, employee_salary=342000, id=12, employee_age=22}, {profile_image=, employee_name=Charde Marshall, employee_salary=470600, id=13, employee_age=36}, {profile_image=, employee_name=Haley Kennedy, employee_salary=313500, id=14, employee_age=43}, {profile_image=, employee_name=Tatyana Fitzpatrick, employee_salary=385750, id=15, employee_age=19}, {profile_image=, employee_name=Michael Silva, employee_salary=198500, id=16, employee_age=66}, {profile_image=, employee_name=Paul Byrd, employee_salary=725000, id=17, employee_age=64}, {profile_image=, employee_name=Gloria Little, employee_salary=237500, id=18, employee_age=59}, {profile_image=, employee_name=Bradley Greer, employee_salary=132000, id=19, employee_age=41}, {profile_image=, employee_name=Dai Rios, employee_salary=217500, id=20, employee_age=35}, {profile_image=, employee_name=Jenette Caldwell, employee_salary=345000, id=21, employee_age=30}, {profile_image=, employee_name=Yuri Berry, employee_salary=675000, id=22, employee_age=40}, {profile_image=, employee_name=Caesar Vance, employee_salary=106450, id=23, employee_age=21}, {profile_image=, employee_name=Doris Wilder, employee_salary=85600, id=24, employee_age=23}]
]]>
            </message>
            <full-stacktrace>
              <![CDATA[java.lang.AssertionError: 1 expectation failed.
JSON path data doesn't match.
Expected: (a collection containing "employee_name")
  Actual: [{profile_image=, employee_name=Tiger Nixon, employee_salary=320800, id=1, employee_age=61}, {profile_image=, employee_name=Garrett Winters, employee_salary=170750, id=2, employee_age=63}, {profile_image=, employee_name=Ashton Cox, employee_salary=86000, id=3, employee_age=66}, {profile_image=, employee_name=Cedric Kelly, employee_salary=433060, id=4, employee_age=22}, {profile_image=, employee_name=Airi Satou, employee_salary=162700, id=5, employee_age=33}, {profile_image=, employee_name=Brielle Williamson, employee_salary=372000, id=6, employee_age=61}, {profile_image=, employee_name=Herrod Chandler, employee_salary=137500, id=7, employee_age=59}, {profile_image=, employee_name=Rhona Davidson, employee_salary=327900, id=8, employee_age=55}, {profile_image=, employee_name=Colleen Hurst, employee_salary=205500, id=9, employee_age=39}, {profile_image=, employee_name=Sonya Frost, employee_salary=103600, id=10, employee_age=23}, {profile_image=, employee_name=Jena Gaines, employee_salary=90560, id=11, employee_age=30}, {profile_image=, employee_name=Quinn Flynn, employee_salary=342000, id=12, employee_age=22}, {profile_image=, employee_name=Charde Marshall, employee_salary=470600, id=13, employee_age=36}, {profile_image=, employee_name=Haley Kennedy, employee_salary=313500, id=14, employee_age=43}, {profile_image=, employee_name=Tatyana Fitzpatrick, employee_salary=385750, id=15, employee_age=19}, {profile_image=, employee_name=Michael Silva, employee_salary=198500, id=16, employee_age=66}, {profile_image=, employee_name=Paul Byrd, employee_salary=725000, id=17, employee_age=64}, {profile_image=, employee_name=Gloria Little, employee_salary=237500, id=18, employee_age=59}, {profile_image=, employee_name=Bradley Greer, employee_salary=132000, id=19, employee_age=41}, {profile_image=, employee_name=Dai Rios, employee_salary=217500, id=20, employee_age=35}, {profile_image=, employee_name=Jenette Caldwell, employee_salary=345000, id=21, employee_age=30}, {profile_image=, employee_name=Yuri Berry, employee_salary=675000, id=22, employee_age=40}, {profile_image=, employee_name=Caesar Vance, employee_salary=106450, id=23, employee_age=21}, {profile_image=, employee_name=Doris Wilder, employee_salary=85600, id=24, employee_age=23}]

at java.base/jdk.internal.reflect.NativeConstructorAccessorImpl.newInstance0(Native Method)
at java.base/jdk.internal.reflect.NativeConstructorAccessorImpl.newInstance(NativeConstructorAccessorImpl.java:62)
at java.base/jdk.internal.reflect.DelegatingConstructorAccessorImpl.newInstance(DelegatingConstructorAccessorImpl.java:45)
at java.base/java.lang.reflect.Constructor.newInstance(Constructor.java:490)
at org.codehaus.groovy.reflection.CachedConstructor.invoke(CachedConstructor.java:83)
at org.codehaus.groovy.reflection.CachedConstructor.doConstructorInvoke(CachedConstructor.java:77)
at org.codehaus.groovy.runtime.callsite.ConstructorSite$ConstructorSiteNoUnwrap.callConstructor(ConstructorSite.java:84)
at org.codehaus.groovy.runtime.callsite.CallSiteArray.defaultCallConstructor(CallSiteArray.java:60)
at org.codehaus.groovy.runtime.callsite.AbstractCallSite.callConstructor(AbstractCallSite.java:235)
at org.codehaus.groovy.runtime.callsite.AbstractCallSite.callConstructor(AbstractCallSite.java:247)
at io.restassured.internal.ResponseSpecificationImpl$HamcrestAssertionClosure.validate(ResponseSpecificationImpl.groovy:483)
at io.restassured.internal.ResponseSpecificationImpl$HamcrestAssertionClosure$validate$1.call(Unknown Source)
at io.restassured.internal.ResponseSpecificationImpl.validateResponseIfRequired(ResponseSpecificationImpl.groovy:655)
at java.base/jdk.internal.reflect.NativeMethodAccessorImpl.invoke0(Native Method)
at java.base/jdk.internal.reflect.NativeMethodAccessorImpl.invoke(NativeMethodAccessorImpl.java:62)
at java.base/jdk.internal.reflect.DelegatingMethodAccessorImpl.invoke(DelegatingMethodAccessorImpl.java:43)
at java.base/java.lang.reflect.Method.invoke(Method.java:566)
at org.codehaus.groovy.runtime.callsite.PogoMetaMethodSite$PogoCachedMethodSiteNoUnwrapNoCoerce.invoke(PogoMetaMethodSite.java:210)
at org.codehaus.groovy.runtime.callsite.PogoMetaMethodSite.callCurrent(PogoMetaMethodSite.java:59)
at org.codehaus.groovy.runtime.callsite.CallSiteArray.defaultCallCurrent(CallSiteArray.java:52)
at org.codehaus.groovy.runtime.callsite.AbstractCallSite.callCurrent(AbstractCallSite.java:154)
at org.codehaus.groovy.runtime.callsite.AbstractCallSite.callCurrent(AbstractCallSite.java:166)
at io.restassured.internal.ResponseSpecificationImpl.content(ResponseSpecificationImpl.groovy:275)
at io.restassured.specification.ResponseSpecification$content$1.callCurrent(Unknown Source)
at org.codehaus.groovy.runtime.callsite.CallSiteArray.defaultCallCurrent(CallSiteArray.java:52)
at org.codehaus.groovy.runtime.callsite.AbstractCallSite.callCurrent(AbstractCallSite.java:154)
at org.codehaus.groovy.runtime.callsite.AbstractCallSite.callCurrent(AbstractCallSite.java:190)
at io.restassured.internal.ResponseSpecificationImpl.body(ResponseSpecificationImpl.groovy:258)
at io.restassured.internal.ValidatableResponseOptionsImpl.body(ValidatableResponseOptionsImpl.java:274)
at AppTest.simple_get_test(AppTest.java:26)
at java.base/jdk.internal.reflect.NativeMethodAccessorImpl.invoke0(Native Method)
at java.base/jdk.internal.reflect.NativeMethodAccessorImpl.invoke(NativeMethodAccessorImpl.java:62)
at java.base/jdk.internal.reflect.DelegatingMethodAccessorImpl.invoke(DelegatingMethodAccessorImpl.java:43)
at java.base/java.lang.reflect.Method.invoke(Method.java:566)
at org.testng.internal.MethodInvocationHelper.invokeMethod(MethodInvocationHelper.java:124)
at org.testng.internal.Invoker.invokeMethod(Invoker.java:583)
at org.testng.internal.Invoker.invokeTestMethod(Invoker.java:719)
at org.testng.internal.Invoker.invokeTestMethods(Invoker.java:989)
at org.testng.internal.TestMethodWorker.invokeTestMethods(TestMethodWorker.java:125)
at org.testng.internal.TestMethodWorker.run(TestMethodWorker.java:109)
at org.testng.TestRunner.privateRun(TestRunner.java:648)
at org.testng.TestRunner.run(TestRunner.java:505)
at org.testng.SuiteRunner.runTest(SuiteRunner.java:455)
at org.testng.SuiteRunner.runSequentially(SuiteRunner.java:450)
at org.testng.SuiteRunner.privateRun(SuiteRunner.java:415)
at org.testng.SuiteRunner.run(SuiteRunner.java:364)
at org.testng.SuiteRunnerWorker.runSuite(SuiteRunnerWorker.java:52)
at org.testng.SuiteRunnerWorker.run(SuiteRunnerWorker.java:84)
at org.testng.TestNG.runSuitesSequentially(TestNG.java:1208)
at org.testng.TestNG.runSuitesLocally(TestNG.java:1137)
at org.testng.TestNG.runSuites(TestNG.java:1049)
at org.testng.TestNG.run(TestNG.java:1017)
at org.apache.maven.surefire.testng.TestNGExecutor.run(TestNGExecutor.java:135)
at org.apache.maven.surefire.testng.TestNGDirectoryTestSuite.executeSingleClass(TestNGDirectoryTestSuite.java:112)
at org.apache.maven.surefire.testng.TestNGDirectoryTestSuite.execute(TestNGDirectoryTestSuite.java:99)
at org.apache.maven.surefire.testng.TestNGProvider.invoke(TestNGProvider.java:146)
at org.apache.maven.surefire.booter.ForkedBooter.invokeProviderInSameClassLoader(ForkedBooter.java:384)
at org.apache.maven.surefire.booter.ForkedBooter.runSuitesInProcess(ForkedBooter.java:345)
at org.apache.maven.surefire.booter.ForkedBooter.execute(ForkedBooter.java:126)
at org.apache.maven.surefire.booter.ForkedBooter.main(ForkedBooter.java:418)
]]>
            </full-stacktrace>
          </exception> <!-- java.lang.AssertionError -->
          <reporter-output>
          </reporter-output>
        </test-method> <!-- simple_get_test -->
      </class> <!-- AppTest -->
    </test> <!-- Surefire test -->
  </suite> <!-- Surefire suite -->
</testng-results>
